<?xml version="1.0" encoding="UTF-8"?>
<testng-results ignored="0" total="1" passed="1" failed="0" skipped="0">
  <reporter-output>
  </reporter-output>
  <suite started-at="2026-03-26T14:17:27 IST" name="Default Suite" finished-at="2026-03-26T14:17:29 IST" duration-ms="1160">
    <groups>
    </groups>
    <test started-at="2026-03-26T14:17:27 IST" name="Test" finished-at="2026-03-26T14:17:29 IST" duration-ms="1160">
      <class name="base.BaseTest">
        <test-method is-config="true" signature="setUp()[pri:0, instance:base.BaseTest@618b19ad]" started-at="2026-03-26T14:17:25 IST" name="setUp" finished-at="2026-03-26T14:17:27 IST" duration-ms="1997" status="PASS">
          <reporter-output>
          </reporter-output>
        </test-method> <!-- setUp -->
        <test-method signature="test()[pri:0, instance:base.BaseTest@618b19ad]" started-at="2026-03-26T14:17:27 IST" name="test" finished-at="2026-03-26T14:17:29 IST" duration-ms="1135" status="PASS">
          <reporter-output>
          </reporter-output>
        </test-method> <!-- test -->
        <test-method is-config="true" signature="tearDown()[pri:0, instance:base.BaseTest@618b19ad]" started-at="2026-03-26T14:17:29 IST" name="tearDown" finished-at="2026-03-26T14:17:29 IST" duration-ms="350" status="PASS">
          <reporter-output>
          </reporter-output>
        </test-method> <!-- tearDown -->
      </class> <!-- base.BaseTest -->
    </test> <!-- Test -->
  </suite> <!-- Default Suite -->
</testng-results>
